[0.391s] Invoking command in '/home/carson/ros2_ws/src/gentact_ros_tools': PYTHONPATH=/home/carson/ros2_ws/src/gentact_ros_tools/build/gentact_ros_tools/prefix_override:/home/carson/ros2_ws/venv/lib/python3.10/site-packages/colcon_core/task/python/colcon_distutils_commands:/home/carson/ros2_ws/src/gentact_ros_tools/install/gentact_ros_tools/lib/python3.10/site-packages:${PYTHONPATH} /home/carson/ros2_ws/venv/bin/python -W ignore:setup.py install is deprecated -W ignore:easy_install command is deprecated setup.py egg_info --egg-base build/gentact_ros_tools build --build-base /home/carson/ros2_ws/src/gentact_ros_tools/build/gentact_ros_tools/build install --record /home/carson/ros2_ws/src/gentact_ros_tools/build/gentact_ros_tools/install.log --single-version-externally-managed install_data
[0.532s] running egg_info
[0.532s] creating build/gentact_ros_tools/gentact_ros_tools.egg-info
[0.536s] writing build/gentact_ros_tools/gentact_ros_tools.egg-info/PKG-INFO
[0.536s] writing dependency_links to build/gentact_ros_tools/gentact_ros_tools.egg-info/dependency_links.txt
[0.536s] writing entry points to build/gentact_ros_tools/gentact_ros_tools.egg-info/entry_points.txt
[0.536s] writing requirements to build/gentact_ros_tools/gentact_ros_tools.egg-info/requires.txt
[0.536s] writing top-level names to build/gentact_ros_tools/gentact_ros_tools.egg-info/top_level.txt
[0.536s] writing manifest file 'build/gentact_ros_tools/gentact_ros_tools.egg-info/SOURCES.txt'
[0.544s] reading manifest file 'build/gentact_ros_tools/gentact_ros_tools.egg-info/SOURCES.txt'
[0.545s] writing manifest file 'build/gentact_ros_tools/gentact_ros_tools.egg-info/SOURCES.txt'
[0.545s] running build
[0.545s] running build_py
[0.545s] creating /home/carson/ros2_ws/src/gentact_ros_tools/build/gentact_ros_tools/build
[0.545s] creating /home/carson/ros2_ws/src/gentact_ros_tools/build/gentact_ros_tools/build/lib
[0.545s] creating /home/carson/ros2_ws/src/gentact_ros_tools/build/gentact_ros_tools/build/lib/gentact_ros_tools
[0.545s] copying gentact_ros_tools/ee_prediction_verifier.py -> /home/carson/ros2_ws/src/gentact_ros_tools/build/gentact_ros_tools/build/lib/gentact_ros_tools
[0.545s] copying gentact_ros_tools/sensor_publisher.py -> /home/carson/ros2_ws/src/gentact_ros_tools/build/gentact_ros_tools/build/lib/gentact_ros_tools
[0.546s] copying gentact_ros_tools/calibration_static_pub.py -> /home/carson/ros2_ws/src/gentact_ros_tools/build/gentact_ros_tools/build/lib/gentact_ros_tools
[0.546s] copying gentact_ros_tools/ik_solver.py -> /home/carson/ros2_ws/src/gentact_ros_tools/build/gentact_ros_tools/build/lib/gentact_ros_tools
[0.546s] copying gentact_ros_tools/tuner.py -> /home/carson/ros2_ws/src/gentact_ros_tools/build/gentact_ros_tools/build/lib/gentact_ros_tools
[0.546s] copying gentact_ros_tools/sensor_tracking_pub.py -> /home/carson/ros2_ws/src/gentact_ros_tools/build/gentact_ros_tools/build/lib/gentact_ros_tools
[0.546s] copying gentact_ros_tools/ee_prediction_model_mamba.py -> /home/carson/ros2_ws/src/gentact_ros_tools/build/gentact_ros_tools/build/lib/gentact_ros_tools
[0.546s] copying gentact_ros_tools/capacitive_pcl.py -> /home/carson/ros2_ws/src/gentact_ros_tools/build/gentact_ros_tools/build/lib/gentact_ros_tools
[0.546s] copying gentact_ros_tools/calibration_direct_pub.py -> /home/carson/ros2_ws/src/gentact_ros_tools/build/gentact_ros_tools/build/lib/gentact_ros_tools
[0.546s] copying gentact_ros_tools/panda2fr3.py -> /home/carson/ros2_ws/src/gentact_ros_tools/build/gentact_ros_tools/build/lib/gentact_ros_tools
[0.546s] copying gentact_ros_tools/__init__.py -> /home/carson/ros2_ws/src/gentact_ros_tools/build/gentact_ros_tools/build/lib/gentact_ros_tools
[0.547s] copying gentact_ros_tools/fake_obj_pub.py -> /home/carson/ros2_ws/src/gentact_ros_tools/build/gentact_ros_tools/build/lib/gentact_ros_tools
[0.547s] copying gentact_ros_tools/processor.py -> /home/carson/ros2_ws/src/gentact_ros_tools/build/gentact_ros_tools/build/lib/gentact_ros_tools
[0.547s] copying gentact_ros_tools/ee_prediction_model_mlp.py -> /home/carson/ros2_ws/src/gentact_ros_tools/build/gentact_ros_tools/build/lib/gentact_ros_tools
[0.547s] copying gentact_ros_tools/training_data_processor.py -> /home/carson/ros2_ws/src/gentact_ros_tools/build/gentact_ros_tools/build/lib/gentact_ros_tools
[0.547s] running install
[0.551s] running install_lib
[0.555s] creating /home/carson/ros2_ws/src/gentact_ros_tools/install/gentact_ros_tools/lib/python3.10/site-packages/gentact_ros_tools
[0.555s] copying /home/carson/ros2_ws/src/gentact_ros_tools/build/gentact_ros_tools/build/lib/gentact_ros_tools/ee_prediction_verifier.py -> /home/carson/ros2_ws/src/gentact_ros_tools/install/gentact_ros_tools/lib/python3.10/site-packages/gentact_ros_tools
[0.555s] copying /home/carson/ros2_ws/src/gentact_ros_tools/build/gentact_ros_tools/build/lib/gentact_ros_tools/sensor_publisher.py -> /home/carson/ros2_ws/src/gentact_ros_tools/install/gentact_ros_tools/lib/python3.10/site-packages/gentact_ros_tools
[0.555s] copying /home/carson/ros2_ws/src/gentact_ros_tools/build/gentact_ros_tools/build/lib/gentact_ros_tools/calibration_static_pub.py -> /home/carson/ros2_ws/src/gentact_ros_tools/install/gentact_ros_tools/lib/python3.10/site-packages/gentact_ros_tools
[0.555s] copying /home/carson/ros2_ws/src/gentact_ros_tools/build/gentact_ros_tools/build/lib/gentact_ros_tools/ik_solver.py -> /home/carson/ros2_ws/src/gentact_ros_tools/install/gentact_ros_tools/lib/python3.10/site-packages/gentact_ros_tools
[0.555s] copying /home/carson/ros2_ws/src/gentact_ros_tools/build/gentact_ros_tools/build/lib/gentact_ros_tools/tuner.py -> /home/carson/ros2_ws/src/gentact_ros_tools/install/gentact_ros_tools/lib/python3.10/site-packages/gentact_ros_tools
[0.555s] copying /home/carson/ros2_ws/src/gentact_ros_tools/build/gentact_ros_tools/build/lib/gentact_ros_tools/sensor_tracking_pub.py -> /home/carson/ros2_ws/src/gentact_ros_tools/install/gentact_ros_tools/lib/python3.10/site-packages/gentact_ros_tools
[0.555s] copying /home/carson/ros2_ws/src/gentact_ros_tools/build/gentact_ros_tools/build/lib/gentact_ros_tools/ee_prediction_model_mamba.py -> /home/carson/ros2_ws/src/gentact_ros_tools/install/gentact_ros_tools/lib/python3.10/site-packages/gentact_ros_tools
[0.555s] copying /home/carson/ros2_ws/src/gentact_ros_tools/build/gentact_ros_tools/build/lib/gentact_ros_tools/capacitive_pcl.py -> /home/carson/ros2_ws/src/gentact_ros_tools/install/gentact_ros_tools/lib/python3.10/site-packages/gentact_ros_tools
[0.555s] copying /home/carson/ros2_ws/src/gentact_ros_tools/build/gentact_ros_tools/build/lib/gentact_ros_tools/calibration_direct_pub.py -> /home/carson/ros2_ws/src/gentact_ros_tools/install/gentact_ros_tools/lib/python3.10/site-packages/gentact_ros_tools
[0.555s] copying /home/carson/ros2_ws/src/gentact_ros_tools/build/gentact_ros_tools/build/lib/gentact_ros_tools/panda2fr3.py -> /home/carson/ros2_ws/src/gentact_ros_tools/install/gentact_ros_tools/lib/python3.10/site-packages/gentact_ros_tools
[0.555s] copying /home/carson/ros2_ws/src/gentact_ros_tools/build/gentact_ros_tools/build/lib/gentact_ros_tools/__init__.py -> /home/carson/ros2_ws/src/gentact_ros_tools/install/gentact_ros_tools/lib/python3.10/site-packages/gentact_ros_tools
[0.555s] copying /home/carson/ros2_ws/src/gentact_ros_tools/build/gentact_ros_tools/build/lib/gentact_ros_tools/fake_obj_pub.py -> /home/carson/ros2_ws/src/gentact_ros_tools/install/gentact_ros_tools/lib/python3.10/site-packages/gentact_ros_tools
[0.556s] copying /home/carson/ros2_ws/src/gentact_ros_tools/build/gentact_ros_tools/build/lib/gentact_ros_tools/processor.py -> /home/carson/ros2_ws/src/gentact_ros_tools/install/gentact_ros_tools/lib/python3.10/site-packages/gentact_ros_tools
[0.556s] copying /home/carson/ros2_ws/src/gentact_ros_tools/build/gentact_ros_tools/build/lib/gentact_ros_tools/ee_prediction_model_mlp.py -> /home/carson/ros2_ws/src/gentact_ros_tools/install/gentact_ros_tools/lib/python3.10/site-packages/gentact_ros_tools
[0.556s] copying /home/carson/ros2_ws/src/gentact_ros_tools/build/gentact_ros_tools/build/lib/gentact_ros_tools/training_data_processor.py -> /home/carson/ros2_ws/src/gentact_ros_tools/install/gentact_ros_tools/lib/python3.10/site-packages/gentact_ros_tools
[0.556s] byte-compiling /home/carson/ros2_ws/src/gentact_ros_tools/install/gentact_ros_tools/lib/python3.10/site-packages/gentact_ros_tools/ee_prediction_verifier.py to ee_prediction_verifier.cpython-310.pyc
[0.557s] byte-compiling /home/carson/ros2_ws/src/gentact_ros_tools/install/gentact_ros_tools/lib/python3.10/site-packages/gentact_ros_tools/sensor_publisher.py to sensor_publisher.cpython-310.pyc
[0.558s] byte-compiling /home/carson/ros2_ws/src/gentact_ros_tools/install/gentact_ros_tools/lib/python3.10/site-packages/gentact_ros_tools/calibration_static_pub.py to calibration_static_pub.cpython-310.pyc
[0.558s] byte-compiling /home/carson/ros2_ws/src/gentact_ros_tools/install/gentact_ros_tools/lib/python3.10/site-packages/gentact_ros_tools/ik_solver.py to ik_solver.cpython-310.pyc
[0.558s] byte-compiling /home/carson/ros2_ws/src/gentact_ros_tools/install/gentact_ros_tools/lib/python3.10/site-packages/gentact_ros_tools/tuner.py to tuner.cpython-310.pyc
[0.559s] byte-compiling /home/carson/ros2_ws/src/gentact_ros_tools/install/gentact_ros_tools/lib/python3.10/site-packages/gentact_ros_tools/sensor_tracking_pub.py to sensor_tracking_pub.cpython-310.pyc
[0.559s] byte-compiling /home/carson/ros2_ws/src/gentact_ros_tools/install/gentact_ros_tools/lib/python3.10/site-packages/gentact_ros_tools/ee_prediction_model_mamba.py to ee_prediction_model_mamba.cpython-310.pyc
[0.560s] byte-compiling /home/carson/ros2_ws/src/gentact_ros_tools/install/gentact_ros_tools/lib/python3.10/site-packages/gentact_ros_tools/capacitive_pcl.py to capacitive_pcl.cpython-310.pyc
[0.561s] byte-compiling /home/carson/ros2_ws/src/gentact_ros_tools/install/gentact_ros_tools/lib/python3.10/site-packages/gentact_ros_tools/calibration_direct_pub.py to calibration_direct_pub.cpython-310.pyc
[0.561s] byte-compiling /home/carson/ros2_ws/src/gentact_ros_tools/install/gentact_ros_tools/lib/python3.10/site-packages/gentact_ros_tools/panda2fr3.py to panda2fr3.cpython-310.pyc
[0.562s] byte-compiling /home/carson/ros2_ws/src/gentact_ros_tools/install/gentact_ros_tools/lib/python3.10/site-packages/gentact_ros_tools/__init__.py to __init__.cpython-310.pyc
[0.562s] byte-compiling /home/carson/ros2_ws/src/gentact_ros_tools/install/gentact_ros_tools/lib/python3.10/site-packages/gentact_ros_tools/fake_obj_pub.py to fake_obj_pub.cpython-310.pyc
[0.562s] byte-compiling /home/carson/ros2_ws/src/gentact_ros_tools/install/gentact_ros_tools/lib/python3.10/site-packages/gentact_ros_tools/processor.py to processor.cpython-310.pyc
[0.562s] byte-compiling /home/carson/ros2_ws/src/gentact_ros_tools/install/gentact_ros_tools/lib/python3.10/site-packages/gentact_ros_tools/ee_prediction_model_mlp.py to ee_prediction_model_mlp.cpython-310.pyc
[0.563s] byte-compiling /home/carson/ros2_ws/src/gentact_ros_tools/install/gentact_ros_tools/lib/python3.10/site-packages/gentact_ros_tools/training_data_processor.py to training_data_processor.cpython-310.pyc
[0.563s] running install_data
[0.564s] creating /home/carson/ros2_ws/src/gentact_ros_tools/install/gentact_ros_tools/share/ament_index
[0.564s] creating /home/carson/ros2_ws/src/gentact_ros_tools/install/gentact_ros_tools/share/ament_index/resource_index
[0.564s] creating /home/carson/ros2_ws/src/gentact_ros_tools/install/gentact_ros_tools/share/ament_index/resource_index/packages
[0.564s] copying resource/gentact_ros_tools -> /home/carson/ros2_ws/src/gentact_ros_tools/install/gentact_ros_tools/share/ament_index/resource_index/packages
[0.564s] copying package.xml -> /home/carson/ros2_ws/src/gentact_ros_tools/install/gentact_ros_tools/share/gentact_ros_tools
[0.564s] creating /home/carson/ros2_ws/src/gentact_ros_tools/install/gentact_ros_tools/share/gentact_ros_tools/launch
[0.564s] copying launch/self-cap_calibration.launch.py -> /home/carson/ros2_ws/src/gentact_ros_tools/install/gentact_ros_tools/share/gentact_ros_tools/launch
[0.564s] copying launch/training_data_verifier.launch.py -> /home/carson/ros2_ws/src/gentact_ros_tools/install/gentact_ros_tools/share/gentact_ros_tools/launch
[0.564s] copying launch/cameras.launch.py -> /home/carson/ros2_ws/src/gentact_ros_tools/install/gentact_ros_tools/share/gentact_ros_tools/launch
[0.564s] copying launch/self-cap_processing.launch.py -> /home/carson/ros2_ws/src/gentact_ros_tools/install/gentact_ros_tools/share/gentact_ros_tools/launch
[0.564s] copying launch/spad.launch.py -> /home/carson/ros2_ws/src/gentact_ros_tools/install/gentact_ros_tools/share/gentact_ros_tools/launch
[0.564s] copying launch/self-cap.launch.py -> /home/carson/ros2_ws/src/gentact_ros_tools/install/gentact_ros_tools/share/gentact_ros_tools/launch
[0.564s] copying launch/prediction_sub.launch.py -> /home/carson/ros2_ws/src/gentact_ros_tools/install/gentact_ros_tools/share/gentact_ros_tools/launch
[0.564s] copying launch/self-cap_predictions.launch.py -> /home/carson/ros2_ws/src/gentact_ros_tools/install/gentact_ros_tools/share/gentact_ros_tools/launch
[0.564s] copying launch/self-cap_avoidance.launch.py -> /home/carson/ros2_ws/src/gentact_ros_tools/install/gentact_ros_tools/share/gentact_ros_tools/launch
[0.565s] copying launch/self-cap_calibration_auto.launch.py -> /home/carson/ros2_ws/src/gentact_ros_tools/install/gentact_ros_tools/share/gentact_ros_tools/launch
[0.565s] creating /home/carson/ros2_ws/src/gentact_ros_tools/install/gentact_ros_tools/share/gentact_ros_tools/config
[0.565s] copying config/rviz.rviz -> /home/carson/ros2_ws/src/gentact_ros_tools/install/gentact_ros_tools/share/gentact_ros_tools/config
[0.565s] copying config/simulation.yaml -> /home/carson/ros2_ws/src/gentact_ros_tools/install/gentact_ros_tools/share/gentact_ros_tools/config
[0.565s] creating /home/carson/ros2_ws/src/gentact_ros_tools/install/gentact_ros_tools/share/gentact_ros_tools/msg
[0.565s] copying gentact_ros_tools/msg/SensorData.msg -> /home/carson/ros2_ws/src/gentact_ros_tools/install/gentact_ros_tools/share/gentact_ros_tools/msg
[0.565s] copying gentact_ros_tools/msg/PointArray.msg -> /home/carson/ros2_ws/src/gentact_ros_tools/install/gentact_ros_tools/share/gentact_ros_tools/msg
[0.565s] creating /home/carson/ros2_ws/src/gentact_ros_tools/install/gentact_ros_tools/share/gentact_ros_tools/meshes
[0.565s] creating /home/carson/ros2_ws/src/gentact_ros_tools/install/gentact_ros_tools/share/gentact_ros_tools/meshes/robot_arms
[0.565s] creating /home/carson/ros2_ws/src/gentact_ros_tools/install/gentact_ros_tools/share/gentact_ros_tools/meshes/robot_arms/fr3
[0.565s] creating /home/carson/ros2_ws/src/gentact_ros_tools/install/gentact_ros_tools/share/gentact_ros_tools/meshes/robot_arms/fr3/visual
[0.565s] copying meshes/robot_arms/fr3/visual/link3.dae -> /home/carson/ros2_ws/src/gentact_ros_tools/install/gentact_ros_tools/share/gentact_ros_tools/meshes/robot_arms/fr3/visual
[0.566s] copying meshes/robot_arms/fr3/visual/link2.dae -> /home/carson/ros2_ws/src/gentact_ros_tools/install/gentact_ros_tools/share/gentact_ros_tools/meshes/robot_arms/fr3/visual
[0.567s] copying meshes/robot_arms/fr3/visual/hand.dae -> /home/carson/ros2_ws/src/gentact_ros_tools/install/gentact_ros_tools/share/gentact_ros_tools/meshes/robot_arms/fr3/visual
[0.567s] copying meshes/robot_arms/fr3/visual/link1.dae -> /home/carson/ros2_ws/src/gentact_ros_tools/install/gentact_ros_tools/share/gentact_ros_tools/meshes/robot_arms/fr3/visual
[0.568s] copying meshes/robot_arms/fr3/visual/link4.dae -> /home/carson/ros2_ws/src/gentact_ros_tools/install/gentact_ros_tools/share/gentact_ros_tools/meshes/robot_arms/fr3/visual
[0.569s] copying meshes/robot_arms/fr3/visual/link7.dae -> /home/carson/ros2_ws/src/gentact_ros_tools/install/gentact_ros_tools/share/gentact_ros_tools/meshes/robot_arms/fr3/visual
[0.570s] copying meshes/robot_arms/fr3/visual/link5.dae -> /home/carson/ros2_ws/src/gentact_ros_tools/install/gentact_ros_tools/share/gentact_ros_tools/meshes/robot_arms/fr3/visual
[0.571s] copying meshes/robot_arms/fr3/visual/finger.dae -> /home/carson/ros2_ws/src/gentact_ros_tools/install/gentact_ros_tools/share/gentact_ros_tools/meshes/robot_arms/fr3/visual
[0.571s] copying meshes/robot_arms/fr3/visual/link6.dae -> /home/carson/ros2_ws/src/gentact_ros_tools/install/gentact_ros_tools/share/gentact_ros_tools/meshes/robot_arms/fr3/visual
[0.572s] copying meshes/robot_arms/fr3/visual/link0.dae -> /home/carson/ros2_ws/src/gentact_ros_tools/install/gentact_ros_tools/share/gentact_ros_tools/meshes/robot_arms/fr3/visual
[0.573s] creating /home/carson/ros2_ws/src/gentact_ros_tools/install/gentact_ros_tools/share/gentact_ros_tools/meshes/robot_arms/fr3/collision
[0.573s] copying meshes/robot_arms/fr3/collision/link6.stl -> /home/carson/ros2_ws/src/gentact_ros_tools/install/gentact_ros_tools/share/gentact_ros_tools/meshes/robot_arms/fr3/collision
[0.573s] copying meshes/robot_arms/fr3/collision/hand.stl -> /home/carson/ros2_ws/src/gentact_ros_tools/install/gentact_ros_tools/share/gentact_ros_tools/meshes/robot_arms/fr3/collision
[0.573s] copying meshes/robot_arms/fr3/collision/link4.stl -> /home/carson/ros2_ws/src/gentact_ros_tools/install/gentact_ros_tools/share/gentact_ros_tools/meshes/robot_arms/fr3/collision
[0.573s] copying meshes/robot_arms/fr3/collision/link1.stl -> /home/carson/ros2_ws/src/gentact_ros_tools/install/gentact_ros_tools/share/gentact_ros_tools/meshes/robot_arms/fr3/collision
[0.573s] copying meshes/robot_arms/fr3/collision/link0.stl -> /home/carson/ros2_ws/src/gentact_ros_tools/install/gentact_ros_tools/share/gentact_ros_tools/meshes/robot_arms/fr3/collision
[0.574s] copying meshes/robot_arms/fr3/collision/link7.stl -> /home/carson/ros2_ws/src/gentact_ros_tools/install/gentact_ros_tools/share/gentact_ros_tools/meshes/robot_arms/fr3/collision
[0.574s] copying meshes/robot_arms/fr3/collision/link3.stl -> /home/carson/ros2_ws/src/gentact_ros_tools/install/gentact_ros_tools/share/gentact_ros_tools/meshes/robot_arms/fr3/collision
[0.574s] copying meshes/robot_arms/fr3/collision/link5.stl -> /home/carson/ros2_ws/src/gentact_ros_tools/install/gentact_ros_tools/share/gentact_ros_tools/meshes/robot_arms/fr3/collision
[0.574s] copying meshes/robot_arms/fr3/collision/link2.stl -> /home/carson/ros2_ws/src/gentact_ros_tools/install/gentact_ros_tools/share/gentact_ros_tools/meshes/robot_arms/fr3/collision
[0.574s] creating /home/carson/ros2_ws/src/gentact_ros_tools/install/gentact_ros_tools/share/gentact_ros_tools/meshes/skin
[0.574s] copying meshes/skin/link6.stl -> /home/carson/ros2_ws/src/gentact_ros_tools/install/gentact_ros_tools/share/gentact_ros_tools/meshes/skin
[0.574s] copying meshes/skin/link6_fancy.stl -> /home/carson/ros2_ws/src/gentact_ros_tools/install/gentact_ros_tools/share/gentact_ros_tools/meshes/skin
[0.640s] copying meshes/skin/link5_spad.stl -> /home/carson/ros2_ws/src/gentact_ros_tools/install/gentact_ros_tools/share/gentact_ros_tools/meshes/skin
[0.641s] copying meshes/skin/link5_2.stl -> /home/carson/ros2_ws/src/gentact_ros_tools/install/gentact_ros_tools/share/gentact_ros_tools/meshes/skin
[0.641s] copying meshes/skin/link5.dae -> /home/carson/ros2_ws/src/gentact_ros_tools/install/gentact_ros_tools/share/gentact_ros_tools/meshes/skin
[0.659s] copying meshes/skin/link5.stl -> /home/carson/ros2_ws/src/gentact_ros_tools/install/gentact_ros_tools/share/gentact_ros_tools/meshes/skin
[0.659s] creating /home/carson/ros2_ws/src/gentact_ros_tools/install/gentact_ros_tools/share/gentact_ros_tools/meshes/skin/self-cap
[0.659s] copying meshes/skin/self-cap/link6_fancy.stl -> /home/carson/ros2_ws/src/gentact_ros_tools/install/gentact_ros_tools/share/gentact_ros_tools/meshes/skin/self-cap
[0.660s] copying meshes/skin/self-cap/link5_fancy.stl -> /home/carson/ros2_ws/src/gentact_ros_tools/install/gentact_ros_tools/share/gentact_ros_tools/meshes/skin/self-cap
[0.661s] creating /home/carson/ros2_ws/src/gentact_ros_tools/install/gentact_ros_tools/share/gentact_ros_tools/meshes/end_effectors
[0.661s] copying meshes/end_effectors/sphere_tip3.stl -> /home/carson/ros2_ws/src/gentact_ros_tools/install/gentact_ros_tools/share/gentact_ros_tools/meshes/end_effectors
[0.662s] copying meshes/end_effectors/large_plate_ee.stl -> /home/carson/ros2_ws/src/gentact_ros_tools/install/gentact_ros_tools/share/gentact_ros_tools/meshes/end_effectors
[0.662s] creating /home/carson/ros2_ws/src/gentact_ros_tools/install/gentact_ros_tools/share/gentact_ros_tools/urdf
[0.662s] creating /home/carson/ros2_ws/src/gentact_ros_tools/install/gentact_ros_tools/share/gentact_ros_tools/urdf/robot
[0.662s] copying urdf/robot/fr3_full_skin.xacro -> /home/carson/ros2_ws/src/gentact_ros_tools/install/gentact_ros_tools/share/gentact_ros_tools/urdf/robot
[0.662s] creating /home/carson/ros2_ws/src/gentact_ros_tools/install/gentact_ros_tools/share/gentact_ros_tools/urdf/skin
[0.662s] copying urdf/skin/self-cap-base.xacro -> /home/carson/ros2_ws/src/gentact_ros_tools/install/gentact_ros_tools/share/gentact_ros_tools/urdf/skin
[0.662s] copying urdf/skin/link6_fancy.xacro -> /home/carson/ros2_ws/src/gentact_ros_tools/install/gentact_ros_tools/share/gentact_ros_tools/urdf/skin
[0.662s] copying urdf/skin/link5_fancy.xacro -> /home/carson/ros2_ws/src/gentact_ros_tools/install/gentact_ros_tools/share/gentact_ros_tools/urdf/skin
[0.662s] copying urdf/skin/link5_spad.xacro -> /home/carson/ros2_ws/src/gentact_ros_tools/install/gentact_ros_tools/share/gentact_ros_tools/urdf/skin
[0.662s] creating /home/carson/ros2_ws/src/gentact_ros_tools/install/gentact_ros_tools/share/gentact_ros_tools/urdf/calibration
[0.662s] copying urdf/calibration/link5.xacro -> /home/carson/ros2_ws/src/gentact_ros_tools/install/gentact_ros_tools/share/gentact_ros_tools/urdf/calibration
[0.662s] creating /home/carson/ros2_ws/src/gentact_ros_tools/install/gentact_ros_tools/share/gentact_ros_tools/urdf/end_effectors
[0.662s] copying urdf/end_effectors/large_plate_ee.xacro -> /home/carson/ros2_ws/src/gentact_ros_tools/install/gentact_ros_tools/share/gentact_ros_tools/urdf/end_effectors
[0.663s] copying urdf/end_effectors/sphere_ee.xacro -> /home/carson/ros2_ws/src/gentact_ros_tools/install/gentact_ros_tools/share/gentact_ros_tools/urdf/end_effectors
[0.663s] copying urdf/end_effectors/ee_base.xacro -> /home/carson/ros2_ws/src/gentact_ros_tools/install/gentact_ros_tools/share/gentact_ros_tools/urdf/end_effectors
[0.663s] creating /home/carson/ros2_ws/src/gentact_ros_tools/install/gentact_ros_tools/share/gentact_ros_tools/urdf/compiled
[0.663s] copying urdf/compiled/fr3_spheretip.urdf -> /home/carson/ros2_ws/src/gentact_ros_tools/install/gentact_ros_tools/share/gentact_ros_tools/urdf/compiled
[0.663s] copying urdf/compiled/fr3_56_fancy.urdf -> /home/carson/ros2_ws/src/gentact_ros_tools/install/gentact_ros_tools/share/gentact_ros_tools/urdf/compiled
[0.663s] copying urdf/compiled/fr3_plate_rviz.urdf -> /home/carson/ros2_ws/src/gentact_ros_tools/install/gentact_ros_tools/share/gentact_ros_tools/urdf/compiled
[0.663s] copying urdf/compiled/fr3_plate_no_skin.urdf -> /home/carson/ros2_ws/src/gentact_ros_tools/install/gentact_ros_tools/share/gentact_ros_tools/urdf/compiled
[0.663s] copying urdf/compiled/link5_calib.urdf -> /home/carson/ros2_ws/src/gentact_ros_tools/install/gentact_ros_tools/share/gentact_ros_tools/urdf/compiled
[0.663s] copying urdf/compiled/fr3_link5.urdf -> /home/carson/ros2_ws/src/gentact_ros_tools/install/gentact_ros_tools/share/gentact_ros_tools/urdf/compiled
[0.663s] running install_egg_info
[0.670s] Copying build/gentact_ros_tools/gentact_ros_tools.egg-info to /home/carson/ros2_ws/src/gentact_ros_tools/install/gentact_ros_tools/lib/python3.10/site-packages/gentact_ros_tools-0.0.0-py3.10.egg-info
[0.671s] running install_scripts
[0.701s] Installing calibration_direct_pub script to /home/carson/ros2_ws/src/gentact_ros_tools/install/gentact_ros_tools/bin
[0.701s] Installing capacitive_pcl script to /home/carson/ros2_ws/src/gentact_ros_tools/install/gentact_ros_tools/bin
[0.701s] Installing ee_prediction_model_mamba script to /home/carson/ros2_ws/src/gentact_ros_tools/install/gentact_ros_tools/bin
[0.701s] Installing ee_prediction_model_mlp script to /home/carson/ros2_ws/src/gentact_ros_tools/install/gentact_ros_tools/bin
[0.701s] Installing ee_prediction_verifier script to /home/carson/ros2_ws/src/gentact_ros_tools/install/gentact_ros_tools/bin
[0.701s] Installing fake_obj_pub script to /home/carson/ros2_ws/src/gentact_ros_tools/install/gentact_ros_tools/bin
[0.701s] Installing ik_solver script to /home/carson/ros2_ws/src/gentact_ros_tools/install/gentact_ros_tools/bin
[0.701s] Installing panda2fr3 script to /home/carson/ros2_ws/src/gentact_ros_tools/install/gentact_ros_tools/bin
[0.701s] Installing processor script to /home/carson/ros2_ws/src/gentact_ros_tools/install/gentact_ros_tools/bin
[0.701s] Installing sensor_publisher script to /home/carson/ros2_ws/src/gentact_ros_tools/install/gentact_ros_tools/bin
[0.702s] Installing sensor_subscriber script to /home/carson/ros2_ws/src/gentact_ros_tools/install/gentact_ros_tools/bin
[0.702s] Installing sensor_tracking_pub script to /home/carson/ros2_ws/src/gentact_ros_tools/install/gentact_ros_tools/bin
[0.702s] Installing training_data_processor script to /home/carson/ros2_ws/src/gentact_ros_tools/install/gentact_ros_tools/bin
[0.702s] Installing tuner script to /home/carson/ros2_ws/src/gentact_ros_tools/install/gentact_ros_tools/bin
[0.702s] writing list of installed files to '/home/carson/ros2_ws/src/gentact_ros_tools/build/gentact_ros_tools/install.log'
[0.725s] Invoked command in '/home/carson/ros2_ws/src/gentact_ros_tools' returned '0': PYTHONPATH=/home/carson/ros2_ws/src/gentact_ros_tools/build/gentact_ros_tools/prefix_override:/home/carson/ros2_ws/venv/lib/python3.10/site-packages/colcon_core/task/python/colcon_distutils_commands:/home/carson/ros2_ws/src/gentact_ros_tools/install/gentact_ros_tools/lib/python3.10/site-packages:${PYTHONPATH} /home/carson/ros2_ws/venv/bin/python -W ignore:setup.py install is deprecated -W ignore:easy_install command is deprecated setup.py egg_info --egg-base build/gentact_ros_tools build --build-base /home/carson/ros2_ws/src/gentact_ros_tools/build/gentact_ros_tools/build install --record /home/carson/ros2_ws/src/gentact_ros_tools/build/gentact_ros_tools/install.log --single-version-externally-managed install_data
