/home/carson/ros2_ws/src/gentact_ros_tools/install/gentact_ros_tools/lib/python3.10/site-packages/gentact_ros_tools/sensor_publisher.py
/home/carson/ros2_ws/src/gentact_ros_tools/install/gentact_ros_tools/lib/python3.10/site-packages/gentact_ros_tools/ik_solver.py
/home/carson/ros2_ws/src/gentact_ros_tools/install/gentact_ros_tools/lib/python3.10/site-packages/gentact_ros_tools/tuner.py
/home/carson/ros2_ws/src/gentact_ros_tools/install/gentact_ros_tools/lib/python3.10/site-packages/gentact_ros_tools/sensor_tracking_pub.py
/home/carson/ros2_ws/src/gentact_ros_tools/install/gentact_ros_tools/lib/python3.10/site-packages/gentact_ros_tools/capacitive_pcl.py
/home/carson/ros2_ws/src/gentact_ros_tools/install/gentact_ros_tools/lib/python3.10/site-packages/gentact_ros_tools/calibration_direct_pub.py
/home/carson/ros2_ws/src/gentact_ros_tools/install/gentact_ros_tools/lib/python3.10/site-packages/gentact_ros_tools/__init__.py
/home/carson/ros2_ws/src/gentact_ros_tools/install/gentact_ros_tools/lib/python3.10/site-packages/gentact_ros_tools/processor.py
/home/carson/ros2_ws/src/gentact_ros_tools/install/gentact_ros_tools/lib/python3.10/site-packages/gentact_ros_tools/__pycache__/sensor_publisher.cpython-310.pyc
/home/carson/ros2_ws/src/gentact_ros_tools/install/gentact_ros_tools/lib/python3.10/site-packages/gentact_ros_tools/__pycache__/ik_solver.cpython-310.pyc
/home/carson/ros2_ws/src/gentact_ros_tools/install/gentact_ros_tools/lib/python3.10/site-packages/gentact_ros_tools/__pycache__/tuner.cpython-310.pyc
/home/carson/ros2_ws/src/gentact_ros_tools/install/gentact_ros_tools/lib/python3.10/site-packages/gentact_ros_tools/__pycache__/sensor_tracking_pub.cpython-310.pyc
/home/carson/ros2_ws/src/gentact_ros_tools/install/gentact_ros_tools/lib/python3.10/site-packages/gentact_ros_tools/__pycache__/capacitive_pcl.cpython-310.pyc
/home/carson/ros2_ws/src/gentact_ros_tools/install/gentact_ros_tools/lib/python3.10/site-packages/gentact_ros_tools/__pycache__/calibration_direct_pub.cpython-310.pyc
/home/carson/ros2_ws/src/gentact_ros_tools/install/gentact_ros_tools/lib/python3.10/site-packages/gentact_ros_tools/__pycache__/__init__.cpython-310.pyc
/home/carson/ros2_ws/src/gentact_ros_tools/install/gentact_ros_tools/lib/python3.10/site-packages/gentact_ros_tools/__pycache__/processor.cpython-310.pyc
/home/carson/ros2_ws/src/gentact_ros_tools/install/gentact_ros_tools/share/ament_index/resource_index/packages/gentact_ros_tools
/home/carson/ros2_ws/src/gentact_ros_tools/install/gentact_ros_tools/share/gentact_ros_tools/package.xml
/home/carson/ros2_ws/src/gentact_ros_tools/install/gentact_ros_tools/share/gentact_ros_tools/launch/self-cap_calibration.launch.py
/home/carson/ros2_ws/src/gentact_ros_tools/install/gentact_ros_tools/share/gentact_ros_tools/launch/ik_solver.launch.py
/home/carson/ros2_ws/src/gentact_ros_tools/install/gentact_ros_tools/share/gentact_ros_tools/launch/self-cap_processing.launch.py
/home/carson/ros2_ws/src/gentact_ros_tools/install/gentact_ros_tools/share/gentact_ros_tools/launch/spad.launch.py
/home/carson/ros2_ws/src/gentact_ros_tools/install/gentact_ros_tools/share/gentact_ros_tools/launch/self-cap.launch.py
/home/carson/ros2_ws/src/gentact_ros_tools/install/gentact_ros_tools/share/gentact_ros_tools/launch/self-cap_calibration_auto.launch.py
/home/carson/ros2_ws/src/gentact_ros_tools/install/gentact_ros_tools/share/gentact_ros_tools/config/calibration.config.yaml
/home/carson/ros2_ws/src/gentact_ros_tools/install/gentact_ros_tools/share/gentact_ros_tools/config/rviz.rviz
/home/carson/ros2_ws/src/gentact_ros_tools/install/gentact_ros_tools/share/gentact_ros_tools/msg/SensorData.msg
/home/carson/ros2_ws/src/gentact_ros_tools/install/gentact_ros_tools/share/gentact_ros_tools/meshes/robot_arms/fr3/visual/link3.dae
/home/carson/ros2_ws/src/gentact_ros_tools/install/gentact_ros_tools/share/gentact_ros_tools/meshes/robot_arms/fr3/visual/link2.dae
/home/carson/ros2_ws/src/gentact_ros_tools/install/gentact_ros_tools/share/gentact_ros_tools/meshes/robot_arms/fr3/visual/hand.dae
/home/carson/ros2_ws/src/gentact_ros_tools/install/gentact_ros_tools/share/gentact_ros_tools/meshes/robot_arms/fr3/visual/link1.dae
/home/carson/ros2_ws/src/gentact_ros_tools/install/gentact_ros_tools/share/gentact_ros_tools/meshes/robot_arms/fr3/visual/link4.dae
/home/carson/ros2_ws/src/gentact_ros_tools/install/gentact_ros_tools/share/gentact_ros_tools/meshes/robot_arms/fr3/visual/link7.dae
/home/carson/ros2_ws/src/gentact_ros_tools/install/gentact_ros_tools/share/gentact_ros_tools/meshes/robot_arms/fr3/visual/link5.dae
/home/carson/ros2_ws/src/gentact_ros_tools/install/gentact_ros_tools/share/gentact_ros_tools/meshes/robot_arms/fr3/visual/finger.dae
/home/carson/ros2_ws/src/gentact_ros_tools/install/gentact_ros_tools/share/gentact_ros_tools/meshes/robot_arms/fr3/visual/link6.dae
/home/carson/ros2_ws/src/gentact_ros_tools/install/gentact_ros_tools/share/gentact_ros_tools/meshes/robot_arms/fr3/visual/link0.dae
/home/carson/ros2_ws/src/gentact_ros_tools/install/gentact_ros_tools/share/gentact_ros_tools/meshes/robot_arms/fr3/collision/link6.stl
/home/carson/ros2_ws/src/gentact_ros_tools/install/gentact_ros_tools/share/gentact_ros_tools/meshes/robot_arms/fr3/collision/hand.stl
/home/carson/ros2_ws/src/gentact_ros_tools/install/gentact_ros_tools/share/gentact_ros_tools/meshes/robot_arms/fr3/collision/link4.stl
/home/carson/ros2_ws/src/gentact_ros_tools/install/gentact_ros_tools/share/gentact_ros_tools/meshes/robot_arms/fr3/collision/link1.stl
/home/carson/ros2_ws/src/gentact_ros_tools/install/gentact_ros_tools/share/gentact_ros_tools/meshes/robot_arms/fr3/collision/link0.stl
/home/carson/ros2_ws/src/gentact_ros_tools/install/gentact_ros_tools/share/gentact_ros_tools/meshes/robot_arms/fr3/collision/link7.stl
/home/carson/ros2_ws/src/gentact_ros_tools/install/gentact_ros_tools/share/gentact_ros_tools/meshes/robot_arms/fr3/collision/link3.stl
/home/carson/ros2_ws/src/gentact_ros_tools/install/gentact_ros_tools/share/gentact_ros_tools/meshes/robot_arms/fr3/collision/link5.stl
/home/carson/ros2_ws/src/gentact_ros_tools/install/gentact_ros_tools/share/gentact_ros_tools/meshes/robot_arms/fr3/collision/link2.stl
/home/carson/ros2_ws/src/gentact_ros_tools/install/gentact_ros_tools/share/gentact_ros_tools/meshes/skin/link6.stl
/home/carson/ros2_ws/src/gentact_ros_tools/install/gentact_ros_tools/share/gentact_ros_tools/meshes/skin/link6_fancy.stl
/home/carson/ros2_ws/src/gentact_ros_tools/install/gentact_ros_tools/share/gentact_ros_tools/meshes/skin/link5_spad.stl
/home/carson/ros2_ws/src/gentact_ros_tools/install/gentact_ros_tools/share/gentact_ros_tools/meshes/skin/link5_2.stl
/home/carson/ros2_ws/src/gentact_ros_tools/install/gentact_ros_tools/share/gentact_ros_tools/meshes/skin/link5.dae
/home/carson/ros2_ws/src/gentact_ros_tools/install/gentact_ros_tools/share/gentact_ros_tools/meshes/skin/link5.stl
/home/carson/ros2_ws/src/gentact_ros_tools/install/gentact_ros_tools/share/gentact_ros_tools/meshes/skin/self-cap/link6_fancy.stl
/home/carson/ros2_ws/src/gentact_ros_tools/install/gentact_ros_tools/share/gentact_ros_tools/meshes/skin/self-cap/link5_fancy.stl
/home/carson/ros2_ws/src/gentact_ros_tools/install/gentact_ros_tools/share/gentact_ros_tools/meshes/end_effectors/sphere_tip3.stl
/home/carson/ros2_ws/src/gentact_ros_tools/install/gentact_ros_tools/share/gentact_ros_tools/meshes/end_effectors/large_plate_ee.stl
/home/carson/ros2_ws/src/gentact_ros_tools/install/gentact_ros_tools/share/gentact_ros_tools/urdf/robot/fr3_full_skin.xacro
/home/carson/ros2_ws/src/gentact_ros_tools/install/gentact_ros_tools/share/gentact_ros_tools/urdf/skin/self-cap-base.xacro
/home/carson/ros2_ws/src/gentact_ros_tools/install/gentact_ros_tools/share/gentact_ros_tools/urdf/skin/link6_fancy.xacro
/home/carson/ros2_ws/src/gentact_ros_tools/install/gentact_ros_tools/share/gentact_ros_tools/urdf/skin/link5_fancy.xacro
/home/carson/ros2_ws/src/gentact_ros_tools/install/gentact_ros_tools/share/gentact_ros_tools/urdf/skin/link5_spad.xacro
/home/carson/ros2_ws/src/gentact_ros_tools/install/gentact_ros_tools/share/gentact_ros_tools/urdf/calibration/link5.xacro
/home/carson/ros2_ws/src/gentact_ros_tools/install/gentact_ros_tools/share/gentact_ros_tools/urdf/end_effectors/large_plate_ee.xacro
/home/carson/ros2_ws/src/gentact_ros_tools/install/gentact_ros_tools/share/gentact_ros_tools/urdf/end_effectors/sphere_ee.xacro
/home/carson/ros2_ws/src/gentact_ros_tools/install/gentact_ros_tools/share/gentact_ros_tools/urdf/end_effectors/ee_base.xacro
/home/carson/ros2_ws/src/gentact_ros_tools/install/gentact_ros_tools/share/gentact_ros_tools/urdf/compiled/fr3_spheretip.urdf
/home/carson/ros2_ws/src/gentact_ros_tools/install/gentact_ros_tools/share/gentact_ros_tools/urdf/compiled/fr3_56_fancy.urdf
/home/carson/ros2_ws/src/gentact_ros_tools/install/gentact_ros_tools/share/gentact_ros_tools/urdf/compiled/fr3_plate_rviz.urdf
/home/carson/ros2_ws/src/gentact_ros_tools/install/gentact_ros_tools/share/gentact_ros_tools/urdf/compiled/fr3_plate_no_skin.urdf
/home/carson/ros2_ws/src/gentact_ros_tools/install/gentact_ros_tools/share/gentact_ros_tools/urdf/compiled/link5_calib.urdf
/home/carson/ros2_ws/src/gentact_ros_tools/install/gentact_ros_tools/share/gentact_ros_tools/urdf/compiled/fr3_link5.urdf
/home/carson/ros2_ws/src/gentact_ros_tools/install/gentact_ros_tools/lib/python3.10/site-packages/gentact_ros_tools-0.0.0-py3.10.egg-info/top_level.txt
/home/carson/ros2_ws/src/gentact_ros_tools/install/gentact_ros_tools/lib/python3.10/site-packages/gentact_ros_tools-0.0.0-py3.10.egg-info/entry_points.txt
/home/carson/ros2_ws/src/gentact_ros_tools/install/gentact_ros_tools/lib/python3.10/site-packages/gentact_ros_tools-0.0.0-py3.10.egg-info/requires.txt
/home/carson/ros2_ws/src/gentact_ros_tools/install/gentact_ros_tools/lib/python3.10/site-packages/gentact_ros_tools-0.0.0-py3.10.egg-info/PKG-INFO
/home/carson/ros2_ws/src/gentact_ros_tools/install/gentact_ros_tools/lib/python3.10/site-packages/gentact_ros_tools-0.0.0-py3.10.egg-info/SOURCES.txt
/home/carson/ros2_ws/src/gentact_ros_tools/install/gentact_ros_tools/lib/python3.10/site-packages/gentact_ros_tools-0.0.0-py3.10.egg-info/dependency_links.txt
/home/carson/ros2_ws/src/gentact_ros_tools/install/gentact_ros_tools/lib/python3.10/site-packages/gentact_ros_tools-0.0.0-py3.10.egg-info/zip-safe
/home/carson/ros2_ws/src/gentact_ros_tools/install/gentact_ros_tools/lib/gentact_ros_tools/calibration_direct_pub
/home/carson/ros2_ws/src/gentact_ros_tools/install/gentact_ros_tools/lib/gentact_ros_tools/capacitive_pcl
/home/carson/ros2_ws/src/gentact_ros_tools/install/gentact_ros_tools/lib/gentact_ros_tools/franka_ik_solver
/home/carson/ros2_ws/src/gentact_ros_tools/install/gentact_ros_tools/lib/gentact_ros_tools/processor
/home/carson/ros2_ws/src/gentact_ros_tools/install/gentact_ros_tools/lib/gentact_ros_tools/sensor_publisher
/home/carson/ros2_ws/src/gentact_ros_tools/install/gentact_ros_tools/lib/gentact_ros_tools/sensor_subscriber
/home/carson/ros2_ws/src/gentact_ros_tools/install/gentact_ros_tools/lib/gentact_ros_tools/sensor_tracking_pub
/home/carson/ros2_ws/src/gentact_ros_tools/install/gentact_ros_tools/lib/gentact_ros_tools/tuner
