[0.071s] DEBUG:colcon:Command line arguments: ['/home/carson/ros2_ws/venv/bin/colcon', 'build']
[0.071s] DEBUG:colcon:Parsed command line arguments: Namespace(log_base=None, log_level=None, verb_name='build', build_base='build', install_base='install', merge_install=False, symlink_install=False, test_result_base=None, continue_on_error=False, executor='parallel', parallel_workers=16, event_handlers=None, ignore_user_meta=False, metas=['./colcon.meta'], base_paths=['.'], packages_ignore=None, packages_ignore_regex=None, paths=None, packages_up_to=None, packages_up_to_regex=None, packages_above=None, packages_above_and_dependencies=None, packages_above_depth=None, packages_select_by_dep=None, packages_skip_by_dep=None, packages_skip_up_to=None, packages_select_build_failed=False, packages_skip_build_finished=False, packages_select_test_failures=False, packages_skip_test_passed=False, packages_select=None, packages_skip=None, packages_select_regex=None, packages_skip_regex=None, packages_start=None, packages_end=None, cmake_args=None, cmake_target=None, cmake_target_skip_unavailable=False, cmake_clean_cache=False, cmake_clean_first=False, cmake_force_configure=False, ament_cmake_args=None, catkin_cmake_args=None, catkin_skip_building_tests=False, verb_parser=<colcon_defaults.argument_parser.defaults.DefaultArgumentsDecorator object at 0x737055138070>, verb_extension=<colcon_core.verb.build.BuildVerb object at 0x7370552ace80>, main=<bound method BuildVerb.main of <colcon_core.verb.build.BuildVerb object at 0x7370552ace80>>)
[0.138s] Level 1:colcon.colcon_core.package_discovery:discover_packages(colcon_meta) check parameters
[0.138s] Level 1:colcon.colcon_core.package_discovery:discover_packages(recursive) check parameters
[0.138s] Level 1:colcon.colcon_core.package_discovery:discover_packages(ignore) check parameters
[0.138s] Level 1:colcon.colcon_core.package_discovery:discover_packages(path) check parameters
[0.138s] Level 1:colcon.colcon_core.package_discovery:discover_packages(colcon_meta) discover
[0.138s] Level 1:colcon.colcon_core.package_discovery:discover_packages(recursive) discover
[0.138s] INFO:colcon.colcon_core.package_discovery:Crawling recursively for packages in '/home/carson/ros2_ws/src/gentact_ros_tools'
[0.138s] Level 1:colcon.colcon_core.package_identification:_identify(.) by extensions ['ignore', 'ignore_ament_install']
[0.138s] Level 1:colcon.colcon_core.package_identification:_identify(.) by extension 'ignore'
[0.138s] Level 1:colcon.colcon_core.package_identification:_identify(.) by extension 'ignore_ament_install'
[0.138s] Level 1:colcon.colcon_core.package_identification:_identify(.) by extensions ['colcon_pkg']
[0.138s] Level 1:colcon.colcon_core.package_identification:_identify(.) by extension 'colcon_pkg'
[0.138s] Level 1:colcon.colcon_core.package_identification:_identify(.) by extensions ['colcon_meta']
[0.138s] Level 1:colcon.colcon_core.package_identification:_identify(.) by extension 'colcon_meta'
[0.138s] Level 1:colcon.colcon_core.package_identification:_identify(.) by extensions ['ros']
[0.138s] Level 1:colcon.colcon_core.package_identification:_identify(.) by extension 'ros'
[0.160s] DEBUG:colcon.colcon_core.package_identification:Package '.' with type 'ros.ament_python' and name 'gentact_ros_tools'
[0.160s] Level 1:colcon.colcon_core.package_discovery:discover_packages(recursive) using defaults
[0.160s] Level 1:colcon.colcon_core.package_discovery:discover_packages(ignore) discover
[0.160s] Level 1:colcon.colcon_core.package_discovery:discover_packages(ignore) using defaults
[0.160s] Level 1:colcon.colcon_core.package_discovery:discover_packages(path) discover
[0.160s] Level 1:colcon.colcon_core.package_discovery:discover_packages(path) using defaults
[0.172s] Level 5:colcon.colcon_core.verb:set package 'gentact_ros_tools' build argument 'cmake_args' from command line to 'None'
[0.172s] Level 5:colcon.colcon_core.verb:set package 'gentact_ros_tools' build argument 'cmake_target' from command line to 'None'
[0.172s] Level 5:colcon.colcon_core.verb:set package 'gentact_ros_tools' build argument 'cmake_target_skip_unavailable' from command line to 'False'
[0.172s] Level 5:colcon.colcon_core.verb:set package 'gentact_ros_tools' build argument 'cmake_clean_cache' from command line to 'False'
[0.172s] Level 5:colcon.colcon_core.verb:set package 'gentact_ros_tools' build argument 'cmake_clean_first' from command line to 'False'
[0.172s] Level 5:colcon.colcon_core.verb:set package 'gentact_ros_tools' build argument 'cmake_force_configure' from command line to 'False'
[0.172s] Level 5:colcon.colcon_core.verb:set package 'gentact_ros_tools' build argument 'ament_cmake_args' from command line to 'None'
[0.172s] Level 5:colcon.colcon_core.verb:set package 'gentact_ros_tools' build argument 'catkin_cmake_args' from command line to 'None'
[0.172s] Level 5:colcon.colcon_core.verb:set package 'gentact_ros_tools' build argument 'catkin_skip_building_tests' from command line to 'False'
[0.172s] DEBUG:colcon.colcon_core.verb:Building package 'gentact_ros_tools' with the following arguments: {'ament_cmake_args': None, 'build_base': '/home/carson/ros2_ws/src/gentact_ros_tools/build/gentact_ros_tools', 'catkin_cmake_args': None, 'catkin_skip_building_tests': False, 'cmake_args': None, 'cmake_clean_cache': False, 'cmake_clean_first': False, 'cmake_force_configure': False, 'cmake_target': None, 'cmake_target_skip_unavailable': False, 'install_base': '/home/carson/ros2_ws/src/gentact_ros_tools/install/gentact_ros_tools', 'merge_install': False, 'path': '/home/carson/ros2_ws/src/gentact_ros_tools', 'symlink_install': False, 'test_result_base': None}
[0.172s] INFO:colcon.colcon_core.executor:Executing jobs using 'parallel' executor
[0.173s] DEBUG:colcon.colcon_parallel_executor.executor.parallel:run_until_complete
[0.173s] INFO:colcon.colcon_ros.task.ament_python.build:Building ROS package in '/home/carson/ros2_ws/src/gentact_ros_tools' with build type 'ament_python'
[0.173s] Level 1:colcon.colcon_core.shell:create_environment_hook('gentact_ros_tools', 'ament_prefix_path')
[0.174s] INFO:colcon.colcon_core.plugin_system:Skipping extension 'colcon_core.shell.bat': Not used on non-Windows systems
[0.174s] INFO:colcon.colcon_core.shell:Creating environment hook '/home/carson/ros2_ws/src/gentact_ros_tools/install/gentact_ros_tools/share/gentact_ros_tools/hook/ament_prefix_path.ps1'
[0.175s] INFO:colcon.colcon_core.shell:Creating environment descriptor '/home/carson/ros2_ws/src/gentact_ros_tools/install/gentact_ros_tools/share/gentact_ros_tools/hook/ament_prefix_path.dsv'
[0.176s] INFO:colcon.colcon_core.shell:Creating environment hook '/home/carson/ros2_ws/src/gentact_ros_tools/install/gentact_ros_tools/share/gentact_ros_tools/hook/ament_prefix_path.sh'
[0.176s] INFO:colcon.colcon_core.shell:Skip shell extension 'powershell' for command environment: Not usable outside of PowerShell
[0.176s] DEBUG:colcon.colcon_core.shell:Skip shell extension 'dsv' for command environment
[0.332s] INFO:colcon.colcon_core.task.python.build:Building Python package in '/home/carson/ros2_ws/src/gentact_ros_tools'
[0.332s] INFO:colcon.colcon_core.shell:Skip shell extension 'powershell' for command environment: Not usable outside of PowerShell
[0.332s] DEBUG:colcon.colcon_core.shell:Skip shell extension 'dsv' for command environment
[0.564s] DEBUG:colcon.colcon_core.event_handler.log_command:Invoking command in '/home/carson/ros2_ws/src/gentact_ros_tools': PYTHONPATH=/home/carson/ros2_ws/src/gentact_ros_tools/build/gentact_ros_tools/prefix_override:/home/carson/ros2_ws/venv/lib/python3.10/site-packages/colcon_core/task/python/colcon_distutils_commands:/home/carson/ros2_ws/src/gentact_ros_tools/install/gentact_ros_tools/lib/python3.10/site-packages:${PYTHONPATH} /home/carson/ros2_ws/venv/bin/python -W ignore:setup.py install is deprecated -W ignore:easy_install command is deprecated setup.py egg_info --egg-base build/gentact_ros_tools build --build-base /home/carson/ros2_ws/src/gentact_ros_tools/build/gentact_ros_tools/build install --record /home/carson/ros2_ws/src/gentact_ros_tools/build/gentact_ros_tools/install.log --single-version-externally-managed install_data
[0.899s] DEBUG:colcon.colcon_core.event_handler.log_command:Invoked command in '/home/carson/ros2_ws/src/gentact_ros_tools' returned '0': PYTHONPATH=/home/carson/ros2_ws/src/gentact_ros_tools/build/gentact_ros_tools/prefix_override:/home/carson/ros2_ws/venv/lib/python3.10/site-packages/colcon_core/task/python/colcon_distutils_commands:/home/carson/ros2_ws/src/gentact_ros_tools/install/gentact_ros_tools/lib/python3.10/site-packages:${PYTHONPATH} /home/carson/ros2_ws/venv/bin/python -W ignore:setup.py install is deprecated -W ignore:easy_install command is deprecated setup.py egg_info --egg-base build/gentact_ros_tools build --build-base /home/carson/ros2_ws/src/gentact_ros_tools/build/gentact_ros_tools/build install --record /home/carson/ros2_ws/src/gentact_ros_tools/build/gentact_ros_tools/install.log --single-version-externally-managed install_data
[0.901s] Level 1:colcon.colcon_core.environment:checking '/home/carson/ros2_ws/src/gentact_ros_tools/install/gentact_ros_tools' for CMake module files
[0.901s] Level 1:colcon.colcon_core.environment:checking '/home/carson/ros2_ws/src/gentact_ros_tools/install/gentact_ros_tools' for CMake config files
[0.902s] Level 1:colcon.colcon_core.environment:checking '/home/carson/ros2_ws/src/gentact_ros_tools/install/gentact_ros_tools/lib'
[0.902s] Level 1:colcon.colcon_core.environment:checking '/home/carson/ros2_ws/src/gentact_ros_tools/install/gentact_ros_tools/bin'
[0.903s] Level 1:colcon.colcon_core.shell:create_environment_hook('gentact_ros_tools', 'path')
[0.903s] INFO:colcon.colcon_core.shell:Creating environment hook '/home/carson/ros2_ws/src/gentact_ros_tools/install/gentact_ros_tools/share/gentact_ros_tools/hook/path.ps1'
[0.903s] INFO:colcon.colcon_core.shell:Creating environment descriptor '/home/carson/ros2_ws/src/gentact_ros_tools/install/gentact_ros_tools/share/gentact_ros_tools/hook/path.dsv'
[0.904s] INFO:colcon.colcon_core.shell:Creating environment hook '/home/carson/ros2_ws/src/gentact_ros_tools/install/gentact_ros_tools/share/gentact_ros_tools/hook/path.sh'
[0.904s] Level 1:colcon.colcon_core.environment:checking '/home/carson/ros2_ws/src/gentact_ros_tools/install/gentact_ros_tools/lib/pkgconfig/gentact_ros_tools.pc'
[0.905s] Level 1:colcon.colcon_core.environment:checking '/home/carson/ros2_ws/src/gentact_ros_tools/install/gentact_ros_tools/lib/python3.10/site-packages'
[0.905s] Level 1:colcon.colcon_core.shell:create_environment_hook('gentact_ros_tools', 'pythonpath')
[0.905s] INFO:colcon.colcon_core.shell:Creating environment hook '/home/carson/ros2_ws/src/gentact_ros_tools/install/gentact_ros_tools/share/gentact_ros_tools/hook/pythonpath.ps1'
[0.906s] INFO:colcon.colcon_core.shell:Creating environment descriptor '/home/carson/ros2_ws/src/gentact_ros_tools/install/gentact_ros_tools/share/gentact_ros_tools/hook/pythonpath.dsv'
[0.906s] INFO:colcon.colcon_core.shell:Creating environment hook '/home/carson/ros2_ws/src/gentact_ros_tools/install/gentact_ros_tools/share/gentact_ros_tools/hook/pythonpath.sh'
[0.907s] Level 1:colcon.colcon_core.environment:checking '/home/carson/ros2_ws/src/gentact_ros_tools/install/gentact_ros_tools/bin'
[0.907s] Level 1:colcon.colcon_core.shell:create_environment_hook('gentact_ros_tools', 'pythonscriptspath')
[0.907s] INFO:colcon.colcon_core.shell:Creating environment hook '/home/carson/ros2_ws/src/gentact_ros_tools/install/gentact_ros_tools/share/gentact_ros_tools/hook/pythonscriptspath.ps1'
[0.907s] INFO:colcon.colcon_core.shell:Creating environment descriptor '/home/carson/ros2_ws/src/gentact_ros_tools/install/gentact_ros_tools/share/gentact_ros_tools/hook/pythonscriptspath.dsv'
[0.908s] INFO:colcon.colcon_core.shell:Creating environment hook '/home/carson/ros2_ws/src/gentact_ros_tools/install/gentact_ros_tools/share/gentact_ros_tools/hook/pythonscriptspath.sh'
[0.908s] Level 1:colcon.colcon_core.environment:create_environment_scripts_only(gentact_ros_tools)
[0.909s] INFO:colcon.colcon_core.shell:Creating package script '/home/carson/ros2_ws/src/gentact_ros_tools/install/gentact_ros_tools/share/gentact_ros_tools/package.ps1'
[0.910s] INFO:colcon.colcon_core.shell:Creating package descriptor '/home/carson/ros2_ws/src/gentact_ros_tools/install/gentact_ros_tools/share/gentact_ros_tools/package.dsv'
[0.911s] INFO:colcon.colcon_core.shell:Creating package script '/home/carson/ros2_ws/src/gentact_ros_tools/install/gentact_ros_tools/share/gentact_ros_tools/package.sh'
[0.913s] INFO:colcon.colcon_core.shell:Creating package script '/home/carson/ros2_ws/src/gentact_ros_tools/install/gentact_ros_tools/share/gentact_ros_tools/package.bash'
[0.914s] INFO:colcon.colcon_core.shell:Creating package script '/home/carson/ros2_ws/src/gentact_ros_tools/install/gentact_ros_tools/share/gentact_ros_tools/package.zsh'
[0.915s] Level 1:colcon.colcon_core.environment:create_file_with_runtime_dependencies(/home/carson/ros2_ws/src/gentact_ros_tools/install/gentact_ros_tools/share/colcon-core/packages/gentact_ros_tools)
[0.915s] DEBUG:colcon.colcon_parallel_executor.executor.parallel:closing loop
[0.916s] DEBUG:colcon.colcon_parallel_executor.executor.parallel:loop closed
[0.916s] DEBUG:colcon.colcon_parallel_executor.executor.parallel:run_until_complete finished with '0'
[0.916s] DEBUG:colcon.colcon_core.event_reactor:joining thread
[0.917s] INFO:colcon.colcon_core.plugin_system:Skipping extension 'colcon_notification.desktop_notification.notify2': 'notify2' not found
[0.917s] INFO:colcon.colcon_core.plugin_system:Skipping extension 'colcon_notification.desktop_notification.terminal_notifier': Not used on non-Darwin systems
[0.917s] INFO:colcon.colcon_core.plugin_system:Skipping extension 'colcon_notification.desktop_notification.win32': Not used on non-Windows systems
[0.917s] INFO:colcon.colcon_notification.desktop_notification:Sending desktop notification using 'notify_send'
[0.932s] DEBUG:colcon.colcon_core.event_reactor:joined thread
[0.932s] INFO:colcon.colcon_core.shell:Creating prefix script '/home/carson/ros2_ws/src/gentact_ros_tools/install/local_setup.ps1'
[0.934s] INFO:colcon.colcon_core.shell:Creating prefix util module '/home/carson/ros2_ws/src/gentact_ros_tools/install/_local_setup_util_ps1.py'
[0.936s] INFO:colcon.colcon_core.shell:Creating prefix chain script '/home/carson/ros2_ws/src/gentact_ros_tools/install/setup.ps1'
[0.937s] INFO:colcon.colcon_core.shell:Creating prefix script '/home/carson/ros2_ws/src/gentact_ros_tools/install/local_setup.sh'
[0.938s] INFO:colcon.colcon_core.shell:Creating prefix util module '/home/carson/ros2_ws/src/gentact_ros_tools/install/_local_setup_util_sh.py'
[0.939s] INFO:colcon.colcon_core.shell:Creating prefix chain script '/home/carson/ros2_ws/src/gentact_ros_tools/install/setup.sh'
[0.941s] INFO:colcon.colcon_core.shell:Creating prefix script '/home/carson/ros2_ws/src/gentact_ros_tools/install/local_setup.bash'
[0.941s] INFO:colcon.colcon_core.shell:Creating prefix chain script '/home/carson/ros2_ws/src/gentact_ros_tools/install/setup.bash'
[0.943s] INFO:colcon.colcon_core.shell:Creating prefix script '/home/carson/ros2_ws/src/gentact_ros_tools/install/local_setup.zsh'
[0.944s] INFO:colcon.colcon_core.shell:Creating prefix chain script '/home/carson/ros2_ws/src/gentact_ros_tools/install/setup.zsh'
