[0.486s] Invoking command in '/home/carson/ros2_ws/src/gentact_ros_tools': PYTHONPATH=/home/carson/ros2_ws/src/gentact_ros_tools/build/gentact_ros_tools/prefix_override:/usr/lib/python3/dist-packages/colcon_core/task/python/colcon_distutils_commands:/home/carson/ros2_ws/src/gentact_ros_tools/install/gentact_ros_tools/lib/python3.10/site-packages:${PYTHONPATH} /usr/bin/python3 -W ignore:setup.py install is deprecated -W ignore:easy_install command is deprecated setup.py egg_info --egg-base build/gentact_ros_tools build --build-base /home/carson/ros2_ws/src/gentact_ros_tools/build/gentact_ros_tools/build install --record /home/carson/ros2_ws/src/gentact_ros_tools/build/gentact_ros_tools/install.log --single-version-externally-managed install_data
[0.675s] running egg_info
[0.675s] creating build/gentact_ros_tools/gentact_ros_tools.egg-info
[0.675s] writing build/gentact_ros_tools/gentact_ros_tools.egg-info/PKG-INFO
[0.676s] writing dependency_links to build/gentact_ros_tools/gentact_ros_tools.egg-info/dependency_links.txt
[0.676s] writing entry points to build/gentact_ros_tools/gentact_ros_tools.egg-info/entry_points.txt
[0.676s] writing requirements to build/gentact_ros_tools/gentact_ros_tools.egg-info/requires.txt
[0.676s] writing top-level names to build/gentact_ros_tools/gentact_ros_tools.egg-info/top_level.txt
[0.676s] writing manifest file 'build/gentact_ros_tools/gentact_ros_tools.egg-info/SOURCES.txt'
[0.677s] reading manifest file 'build/gentact_ros_tools/gentact_ros_tools.egg-info/SOURCES.txt'
[0.678s] writing manifest file 'build/gentact_ros_tools/gentact_ros_tools.egg-info/SOURCES.txt'
[0.678s] running build
[0.678s] running build_py
[0.678s] creating /home/carson/ros2_ws/src/gentact_ros_tools/build/gentact_ros_tools/build
[0.678s] creating /home/carson/ros2_ws/src/gentact_ros_tools/build/gentact_ros_tools/build/lib
[0.678s] creating /home/carson/ros2_ws/src/gentact_ros_tools/build/gentact_ros_tools/build/lib/gentact_ros_tools
[0.678s] copying gentact_ros_tools/sensor_publisher.py -> /home/carson/ros2_ws/src/gentact_ros_tools/build/gentact_ros_tools/build/lib/gentact_ros_tools
[0.678s] copying gentact_ros_tools/ik_solver.py -> /home/carson/ros2_ws/src/gentact_ros_tools/build/gentact_ros_tools/build/lib/gentact_ros_tools
[0.678s] copying gentact_ros_tools/tuner.py -> /home/carson/ros2_ws/src/gentact_ros_tools/build/gentact_ros_tools/build/lib/gentact_ros_tools
[0.678s] copying gentact_ros_tools/sensor_tracking_pub.py -> /home/carson/ros2_ws/src/gentact_ros_tools/build/gentact_ros_tools/build/lib/gentact_ros_tools
[0.679s] copying gentact_ros_tools/capacitive_pcl.py -> /home/carson/ros2_ws/src/gentact_ros_tools/build/gentact_ros_tools/build/lib/gentact_ros_tools
[0.679s] copying gentact_ros_tools/calibration_direct_pub.py -> /home/carson/ros2_ws/src/gentact_ros_tools/build/gentact_ros_tools/build/lib/gentact_ros_tools
[0.679s] copying gentact_ros_tools/__init__.py -> /home/carson/ros2_ws/src/gentact_ros_tools/build/gentact_ros_tools/build/lib/gentact_ros_tools
[0.679s] copying gentact_ros_tools/processor.py -> /home/carson/ros2_ws/src/gentact_ros_tools/build/gentact_ros_tools/build/lib/gentact_ros_tools
[0.679s] running install
[0.679s] running install_lib
[0.680s] creating /home/carson/ros2_ws/src/gentact_ros_tools/install/gentact_ros_tools/lib/python3.10/site-packages/gentact_ros_tools
[0.680s] copying /home/carson/ros2_ws/src/gentact_ros_tools/build/gentact_ros_tools/build/lib/gentact_ros_tools/sensor_publisher.py -> /home/carson/ros2_ws/src/gentact_ros_tools/install/gentact_ros_tools/lib/python3.10/site-packages/gentact_ros_tools
[0.680s] copying /home/carson/ros2_ws/src/gentact_ros_tools/build/gentact_ros_tools/build/lib/gentact_ros_tools/ik_solver.py -> /home/carson/ros2_ws/src/gentact_ros_tools/install/gentact_ros_tools/lib/python3.10/site-packages/gentact_ros_tools
[0.680s] copying /home/carson/ros2_ws/src/gentact_ros_tools/build/gentact_ros_tools/build/lib/gentact_ros_tools/tuner.py -> /home/carson/ros2_ws/src/gentact_ros_tools/install/gentact_ros_tools/lib/python3.10/site-packages/gentact_ros_tools
[0.680s] copying /home/carson/ros2_ws/src/gentact_ros_tools/build/gentact_ros_tools/build/lib/gentact_ros_tools/sensor_tracking_pub.py -> /home/carson/ros2_ws/src/gentact_ros_tools/install/gentact_ros_tools/lib/python3.10/site-packages/gentact_ros_tools
[0.680s] copying /home/carson/ros2_ws/src/gentact_ros_tools/build/gentact_ros_tools/build/lib/gentact_ros_tools/capacitive_pcl.py -> /home/carson/ros2_ws/src/gentact_ros_tools/install/gentact_ros_tools/lib/python3.10/site-packages/gentact_ros_tools
[0.680s] copying /home/carson/ros2_ws/src/gentact_ros_tools/build/gentact_ros_tools/build/lib/gentact_ros_tools/calibration_direct_pub.py -> /home/carson/ros2_ws/src/gentact_ros_tools/install/gentact_ros_tools/lib/python3.10/site-packages/gentact_ros_tools
[0.680s] copying /home/carson/ros2_ws/src/gentact_ros_tools/build/gentact_ros_tools/build/lib/gentact_ros_tools/__init__.py -> /home/carson/ros2_ws/src/gentact_ros_tools/install/gentact_ros_tools/lib/python3.10/site-packages/gentact_ros_tools
[0.680s] copying /home/carson/ros2_ws/src/gentact_ros_tools/build/gentact_ros_tools/build/lib/gentact_ros_tools/processor.py -> /home/carson/ros2_ws/src/gentact_ros_tools/install/gentact_ros_tools/lib/python3.10/site-packages/gentact_ros_tools
[0.681s] byte-compiling /home/carson/ros2_ws/src/gentact_ros_tools/install/gentact_ros_tools/lib/python3.10/site-packages/gentact_ros_tools/sensor_publisher.py to sensor_publisher.cpython-310.pyc
[0.681s] byte-compiling /home/carson/ros2_ws/src/gentact_ros_tools/install/gentact_ros_tools/lib/python3.10/site-packages/gentact_ros_tools/ik_solver.py to ik_solver.cpython-310.pyc
[0.682s] byte-compiling /home/carson/ros2_ws/src/gentact_ros_tools/install/gentact_ros_tools/lib/python3.10/site-packages/gentact_ros_tools/tuner.py to tuner.cpython-310.pyc
[0.682s] byte-compiling /home/carson/ros2_ws/src/gentact_ros_tools/install/gentact_ros_tools/lib/python3.10/site-packages/gentact_ros_tools/sensor_tracking_pub.py to sensor_tracking_pub.cpython-310.pyc
[0.683s] byte-compiling /home/carson/ros2_ws/src/gentact_ros_tools/install/gentact_ros_tools/lib/python3.10/site-packages/gentact_ros_tools/capacitive_pcl.py to capacitive_pcl.cpython-310.pyc
[0.683s] byte-compiling /home/carson/ros2_ws/src/gentact_ros_tools/install/gentact_ros_tools/lib/python3.10/site-packages/gentact_ros_tools/calibration_direct_pub.py to calibration_direct_pub.cpython-310.pyc
[0.684s] byte-compiling /home/carson/ros2_ws/src/gentact_ros_tools/install/gentact_ros_tools/lib/python3.10/site-packages/gentact_ros_tools/__init__.py to __init__.cpython-310.pyc
[0.684s] byte-compiling /home/carson/ros2_ws/src/gentact_ros_tools/install/gentact_ros_tools/lib/python3.10/site-packages/gentact_ros_tools/processor.py to processor.cpython-310.pyc
[0.684s] running install_data
[0.685s] creating /home/carson/ros2_ws/src/gentact_ros_tools/install/gentact_ros_tools/share/ament_index
[0.685s] creating /home/carson/ros2_ws/src/gentact_ros_tools/install/gentact_ros_tools/share/ament_index/resource_index
[0.685s] creating /home/carson/ros2_ws/src/gentact_ros_tools/install/gentact_ros_tools/share/ament_index/resource_index/packages
[0.685s] copying resource/gentact_ros_tools -> /home/carson/ros2_ws/src/gentact_ros_tools/install/gentact_ros_tools/share/ament_index/resource_index/packages
[0.685s] copying package.xml -> /home/carson/ros2_ws/src/gentact_ros_tools/install/gentact_ros_tools/share/gentact_ros_tools
[0.685s] creating /home/carson/ros2_ws/src/gentact_ros_tools/install/gentact_ros_tools/share/gentact_ros_tools/launch
[0.685s] copying launch/self-cap_calibration.launch.py -> /home/carson/ros2_ws/src/gentact_ros_tools/install/gentact_ros_tools/share/gentact_ros_tools/launch
[0.685s] copying launch/ik_solver.launch.py -> /home/carson/ros2_ws/src/gentact_ros_tools/install/gentact_ros_tools/share/gentact_ros_tools/launch
[0.685s] copying launch/self-cap_processing.launch.py -> /home/carson/ros2_ws/src/gentact_ros_tools/install/gentact_ros_tools/share/gentact_ros_tools/launch
[0.685s] copying launch/spad.launch.py -> /home/carson/ros2_ws/src/gentact_ros_tools/install/gentact_ros_tools/share/gentact_ros_tools/launch
[0.685s] copying launch/self-cap.launch.py -> /home/carson/ros2_ws/src/gentact_ros_tools/install/gentact_ros_tools/share/gentact_ros_tools/launch
[0.685s] copying launch/self-cap_calibration_auto.launch.py -> /home/carson/ros2_ws/src/gentact_ros_tools/install/gentact_ros_tools/share/gentact_ros_tools/launch
[0.685s] creating /home/carson/ros2_ws/src/gentact_ros_tools/install/gentact_ros_tools/share/gentact_ros_tools/config
[0.685s] copying config/calibration.config.yaml -> /home/carson/ros2_ws/src/gentact_ros_tools/install/gentact_ros_tools/share/gentact_ros_tools/config
[0.685s] copying config/rviz.rviz -> /home/carson/ros2_ws/src/gentact_ros_tools/install/gentact_ros_tools/share/gentact_ros_tools/config
[0.685s] creating /home/carson/ros2_ws/src/gentact_ros_tools/install/gentact_ros_tools/share/gentact_ros_tools/msg
[0.686s] copying gentact_ros_tools/msg/SensorData.msg -> /home/carson/ros2_ws/src/gentact_ros_tools/install/gentact_ros_tools/share/gentact_ros_tools/msg
[0.686s] creating /home/carson/ros2_ws/src/gentact_ros_tools/install/gentact_ros_tools/share/gentact_ros_tools/meshes
[0.686s] creating /home/carson/ros2_ws/src/gentact_ros_tools/install/gentact_ros_tools/share/gentact_ros_tools/meshes/robot_arms
[0.686s] creating /home/carson/ros2_ws/src/gentact_ros_tools/install/gentact_ros_tools/share/gentact_ros_tools/meshes/robot_arms/fr3
[0.686s] creating /home/carson/ros2_ws/src/gentact_ros_tools/install/gentact_ros_tools/share/gentact_ros_tools/meshes/robot_arms/fr3/visual
[0.686s] copying meshes/robot_arms/fr3/visual/link3.dae -> /home/carson/ros2_ws/src/gentact_ros_tools/install/gentact_ros_tools/share/gentact_ros_tools/meshes/robot_arms/fr3/visual
[0.687s] copying meshes/robot_arms/fr3/visual/link2.dae -> /home/carson/ros2_ws/src/gentact_ros_tools/install/gentact_ros_tools/share/gentact_ros_tools/meshes/robot_arms/fr3/visual
[0.688s] copying meshes/robot_arms/fr3/visual/hand.dae -> /home/carson/ros2_ws/src/gentact_ros_tools/install/gentact_ros_tools/share/gentact_ros_tools/meshes/robot_arms/fr3/visual
[0.688s] copying meshes/robot_arms/fr3/visual/link1.dae -> /home/carson/ros2_ws/src/gentact_ros_tools/install/gentact_ros_tools/share/gentact_ros_tools/meshes/robot_arms/fr3/visual
[0.689s] copying meshes/robot_arms/fr3/visual/link4.dae -> /home/carson/ros2_ws/src/gentact_ros_tools/install/gentact_ros_tools/share/gentact_ros_tools/meshes/robot_arms/fr3/visual
[0.690s] copying meshes/robot_arms/fr3/visual/link7.dae -> /home/carson/ros2_ws/src/gentact_ros_tools/install/gentact_ros_tools/share/gentact_ros_tools/meshes/robot_arms/fr3/visual
[0.691s] copying meshes/robot_arms/fr3/visual/link5.dae -> /home/carson/ros2_ws/src/gentact_ros_tools/install/gentact_ros_tools/share/gentact_ros_tools/meshes/robot_arms/fr3/visual
[0.692s] copying meshes/robot_arms/fr3/visual/finger.dae -> /home/carson/ros2_ws/src/gentact_ros_tools/install/gentact_ros_tools/share/gentact_ros_tools/meshes/robot_arms/fr3/visual
[0.692s] copying meshes/robot_arms/fr3/visual/link6.dae -> /home/carson/ros2_ws/src/gentact_ros_tools/install/gentact_ros_tools/share/gentact_ros_tools/meshes/robot_arms/fr3/visual
[0.694s] copying meshes/robot_arms/fr3/visual/link0.dae -> /home/carson/ros2_ws/src/gentact_ros_tools/install/gentact_ros_tools/share/gentact_ros_tools/meshes/robot_arms/fr3/visual
[0.695s] creating /home/carson/ros2_ws/src/gentact_ros_tools/install/gentact_ros_tools/share/gentact_ros_tools/meshes/robot_arms/fr3/collision
[0.695s] copying meshes/robot_arms/fr3/collision/link6.stl -> /home/carson/ros2_ws/src/gentact_ros_tools/install/gentact_ros_tools/share/gentact_ros_tools/meshes/robot_arms/fr3/collision
[0.695s] copying meshes/robot_arms/fr3/collision/hand.stl -> /home/carson/ros2_ws/src/gentact_ros_tools/install/gentact_ros_tools/share/gentact_ros_tools/meshes/robot_arms/fr3/collision
[0.695s] copying meshes/robot_arms/fr3/collision/link4.stl -> /home/carson/ros2_ws/src/gentact_ros_tools/install/gentact_ros_tools/share/gentact_ros_tools/meshes/robot_arms/fr3/collision
[0.695s] copying meshes/robot_arms/fr3/collision/link1.stl -> /home/carson/ros2_ws/src/gentact_ros_tools/install/gentact_ros_tools/share/gentact_ros_tools/meshes/robot_arms/fr3/collision
[0.695s] copying meshes/robot_arms/fr3/collision/link0.stl -> /home/carson/ros2_ws/src/gentact_ros_tools/install/gentact_ros_tools/share/gentact_ros_tools/meshes/robot_arms/fr3/collision
[0.695s] copying meshes/robot_arms/fr3/collision/link7.stl -> /home/carson/ros2_ws/src/gentact_ros_tools/install/gentact_ros_tools/share/gentact_ros_tools/meshes/robot_arms/fr3/collision
[0.695s] copying meshes/robot_arms/fr3/collision/link3.stl -> /home/carson/ros2_ws/src/gentact_ros_tools/install/gentact_ros_tools/share/gentact_ros_tools/meshes/robot_arms/fr3/collision
[0.695s] copying meshes/robot_arms/fr3/collision/link5.stl -> /home/carson/ros2_ws/src/gentact_ros_tools/install/gentact_ros_tools/share/gentact_ros_tools/meshes/robot_arms/fr3/collision
[0.696s] copying meshes/robot_arms/fr3/collision/link2.stl -> /home/carson/ros2_ws/src/gentact_ros_tools/install/gentact_ros_tools/share/gentact_ros_tools/meshes/robot_arms/fr3/collision
[0.696s] creating /home/carson/ros2_ws/src/gentact_ros_tools/install/gentact_ros_tools/share/gentact_ros_tools/meshes/skin
[0.696s] copying meshes/skin/link6.stl -> /home/carson/ros2_ws/src/gentact_ros_tools/install/gentact_ros_tools/share/gentact_ros_tools/meshes/skin
[0.696s] copying meshes/skin/link6_fancy.stl -> /home/carson/ros2_ws/src/gentact_ros_tools/install/gentact_ros_tools/share/gentact_ros_tools/meshes/skin
[0.730s] copying meshes/skin/link5_spad.stl -> /home/carson/ros2_ws/src/gentact_ros_tools/install/gentact_ros_tools/share/gentact_ros_tools/meshes/skin
[0.731s] copying meshes/skin/link5_2.stl -> /home/carson/ros2_ws/src/gentact_ros_tools/install/gentact_ros_tools/share/gentact_ros_tools/meshes/skin
[0.731s] copying meshes/skin/link5.dae -> /home/carson/ros2_ws/src/gentact_ros_tools/install/gentact_ros_tools/share/gentact_ros_tools/meshes/skin
[0.734s] copying meshes/skin/link5.stl -> /home/carson/ros2_ws/src/gentact_ros_tools/install/gentact_ros_tools/share/gentact_ros_tools/meshes/skin
[0.734s] creating /home/carson/ros2_ws/src/gentact_ros_tools/install/gentact_ros_tools/share/gentact_ros_tools/meshes/skin/self-cap
[0.734s] copying meshes/skin/self-cap/link6_fancy.stl -> /home/carson/ros2_ws/src/gentact_ros_tools/install/gentact_ros_tools/share/gentact_ros_tools/meshes/skin/self-cap
[0.735s] copying meshes/skin/self-cap/link5_fancy.stl -> /home/carson/ros2_ws/src/gentact_ros_tools/install/gentact_ros_tools/share/gentact_ros_tools/meshes/skin/self-cap
[0.736s] creating /home/carson/ros2_ws/src/gentact_ros_tools/install/gentact_ros_tools/share/gentact_ros_tools/meshes/end_effectors
[0.736s] copying meshes/end_effectors/sphere_tip3.stl -> /home/carson/ros2_ws/src/gentact_ros_tools/install/gentact_ros_tools/share/gentact_ros_tools/meshes/end_effectors
[0.737s] copying meshes/end_effectors/large_plate_ee.stl -> /home/carson/ros2_ws/src/gentact_ros_tools/install/gentact_ros_tools/share/gentact_ros_tools/meshes/end_effectors
[0.737s] creating /home/carson/ros2_ws/src/gentact_ros_tools/install/gentact_ros_tools/share/gentact_ros_tools/urdf
[0.737s] creating /home/carson/ros2_ws/src/gentact_ros_tools/install/gentact_ros_tools/share/gentact_ros_tools/urdf/robot
[0.737s] copying urdf/robot/fr3_full_skin.xacro -> /home/carson/ros2_ws/src/gentact_ros_tools/install/gentact_ros_tools/share/gentact_ros_tools/urdf/robot
[0.737s] creating /home/carson/ros2_ws/src/gentact_ros_tools/install/gentact_ros_tools/share/gentact_ros_tools/urdf/skin
[0.737s] copying urdf/skin/self-cap-base.xacro -> /home/carson/ros2_ws/src/gentact_ros_tools/install/gentact_ros_tools/share/gentact_ros_tools/urdf/skin
[0.737s] copying urdf/skin/link6_fancy.xacro -> /home/carson/ros2_ws/src/gentact_ros_tools/install/gentact_ros_tools/share/gentact_ros_tools/urdf/skin
[0.737s] copying urdf/skin/link5_fancy.xacro -> /home/carson/ros2_ws/src/gentact_ros_tools/install/gentact_ros_tools/share/gentact_ros_tools/urdf/skin
[0.737s] copying urdf/skin/link5_spad.xacro -> /home/carson/ros2_ws/src/gentact_ros_tools/install/gentact_ros_tools/share/gentact_ros_tools/urdf/skin
[0.737s] creating /home/carson/ros2_ws/src/gentact_ros_tools/install/gentact_ros_tools/share/gentact_ros_tools/urdf/calibration
[0.737s] copying urdf/calibration/link5.xacro -> /home/carson/ros2_ws/src/gentact_ros_tools/install/gentact_ros_tools/share/gentact_ros_tools/urdf/calibration
[0.738s] creating /home/carson/ros2_ws/src/gentact_ros_tools/install/gentact_ros_tools/share/gentact_ros_tools/urdf/end_effectors
[0.738s] copying urdf/end_effectors/large_plate_ee.xacro -> /home/carson/ros2_ws/src/gentact_ros_tools/install/gentact_ros_tools/share/gentact_ros_tools/urdf/end_effectors
[0.738s] copying urdf/end_effectors/sphere_ee.xacro -> /home/carson/ros2_ws/src/gentact_ros_tools/install/gentact_ros_tools/share/gentact_ros_tools/urdf/end_effectors
[0.738s] copying urdf/end_effectors/ee_base.xacro -> /home/carson/ros2_ws/src/gentact_ros_tools/install/gentact_ros_tools/share/gentact_ros_tools/urdf/end_effectors
[0.738s] creating /home/carson/ros2_ws/src/gentact_ros_tools/install/gentact_ros_tools/share/gentact_ros_tools/urdf/compiled
[0.738s] copying urdf/compiled/fr3_spheretip.urdf -> /home/carson/ros2_ws/src/gentact_ros_tools/install/gentact_ros_tools/share/gentact_ros_tools/urdf/compiled
[0.738s] copying urdf/compiled/fr3_56_fancy.urdf -> /home/carson/ros2_ws/src/gentact_ros_tools/install/gentact_ros_tools/share/gentact_ros_tools/urdf/compiled
[0.738s] copying urdf/compiled/fr3_plate_rviz.urdf -> /home/carson/ros2_ws/src/gentact_ros_tools/install/gentact_ros_tools/share/gentact_ros_tools/urdf/compiled
[0.738s] copying urdf/compiled/fr3_plate_no_skin.urdf -> /home/carson/ros2_ws/src/gentact_ros_tools/install/gentact_ros_tools/share/gentact_ros_tools/urdf/compiled
[0.738s] copying urdf/compiled/link5_calib.urdf -> /home/carson/ros2_ws/src/gentact_ros_tools/install/gentact_ros_tools/share/gentact_ros_tools/urdf/compiled
[0.738s] copying urdf/compiled/fr3_link5.urdf -> /home/carson/ros2_ws/src/gentact_ros_tools/install/gentact_ros_tools/share/gentact_ros_tools/urdf/compiled
[0.738s] running install_egg_info
[0.740s] Copying build/gentact_ros_tools/gentact_ros_tools.egg-info to /home/carson/ros2_ws/src/gentact_ros_tools/install/gentact_ros_tools/lib/python3.10/site-packages/gentact_ros_tools-0.0.0-py3.10.egg-info
[0.741s] running install_scripts
[0.754s] Installing calibration_direct_pub script to /home/carson/ros2_ws/src/gentact_ros_tools/install/gentact_ros_tools/lib/gentact_ros_tools
[0.754s] Installing capacitive_pcl script to /home/carson/ros2_ws/src/gentact_ros_tools/install/gentact_ros_tools/lib/gentact_ros_tools
[0.754s] Installing franka_ik_solver script to /home/carson/ros2_ws/src/gentact_ros_tools/install/gentact_ros_tools/lib/gentact_ros_tools
[0.754s] Installing processor script to /home/carson/ros2_ws/src/gentact_ros_tools/install/gentact_ros_tools/lib/gentact_ros_tools
[0.755s] Installing sensor_publisher script to /home/carson/ros2_ws/src/gentact_ros_tools/install/gentact_ros_tools/lib/gentact_ros_tools
[0.755s] Installing sensor_subscriber script to /home/carson/ros2_ws/src/gentact_ros_tools/install/gentact_ros_tools/lib/gentact_ros_tools
[0.755s] Installing sensor_tracking_pub script to /home/carson/ros2_ws/src/gentact_ros_tools/install/gentact_ros_tools/lib/gentact_ros_tools
[0.755s] Installing tuner script to /home/carson/ros2_ws/src/gentact_ros_tools/install/gentact_ros_tools/lib/gentact_ros_tools
[0.755s] writing list of installed files to '/home/carson/ros2_ws/src/gentact_ros_tools/build/gentact_ros_tools/install.log'
[0.770s] Invoked command in '/home/carson/ros2_ws/src/gentact_ros_tools' returned '0': PYTHONPATH=/home/carson/ros2_ws/src/gentact_ros_tools/build/gentact_ros_tools/prefix_override:/usr/lib/python3/dist-packages/colcon_core/task/python/colcon_distutils_commands:/home/carson/ros2_ws/src/gentact_ros_tools/install/gentact_ros_tools/lib/python3.10/site-packages:${PYTHONPATH} /usr/bin/python3 -W ignore:setup.py install is deprecated -W ignore:easy_install command is deprecated setup.py egg_info --egg-base build/gentact_ros_tools build --build-base /home/carson/ros2_ws/src/gentact_ros_tools/build/gentact_ros_tools/build install --record /home/carson/ros2_ws/src/gentact_ros_tools/build/gentact_ros_tools/install.log --single-version-externally-managed install_data
